# JRE version: OpenJDK Runtime Environment Temurin-21.0.6+7 (21.0.6+7) (build 21.0.6+7-LTS)
# Java VM: OpenJDK 64-Bit Server VM Temurin-21.0.6+7 (21.0.6+7-LTS, mixed mode, sharing, tiered, compressed oops, compressed class ptrs, parallel gc, windows-amd64)
GC Precious Log:
 CardTable entry size: 512
 CPUs: 8 total, 8 available
 Memory: 15761M
 Large Page Support: Disabled
 NUMA Support: Disabled
 Compressed Oops: Enabled (32-bit)
 Alignments: Space 512K, Generation 512K, Heap 2M
 Heap Min Capacity: 100M
 Heap Initial Capacity: 100M
 Heap Max Capacity: 1G
 Pre-touch: Disabled
 Parallel Workers: 8
Heap:
 PSYoungGen      total 11264K, used 2876K [0x00000000eab00000, 0x00000000eb780000, 0x0000000100000000)
  eden space 9728K, 15% used [0x00000000eab00000,0x00000000eac7bf08,0x00000000eb480000)
  from space 1536K, 88% used [0x00000000eb500000,0x00000000eb6531f0,0x00000000eb680000)
  to   space 1024K, 0% used [0x00000000eb680000,0x00000000eb680000,0x00000000eb780000)
 ParOldGen       total 629760K, used 629260K [0x00000000c0000000, 0x00000000e6700000, 0x00000000eab00000)
  object space 629760K, 99% used [0x00000000c0000000,0x00000000e66833c0,0x00000000e6700000)
 Metaspace       used 75820K, committed 77568K, reserved 1179648K
  class space    used 7681K, committed 8512K, reserved 1048576K
GC Heap History (20 events):
Event: 75.088 GC heap before
{Heap before GC invocations=2330 (full 4):
 PSYoungGen      total 12288K, used 11631K [0x00000000eab00000, 0x00000000eb800000, 0x0000000100000000)
  eden space 11264K, 99% used [0x00000000eab00000,0x00000000eb5fbdb8,0x00000000eb600000)
  from space 1024K, 37% used [0x00000000eb700000,0x00000000eb760000,0x00000000eb800000)
  to   space 1024K, 0% used [0x00000000eb600000,0x00000000eb600000,0x00000000eb700000)
 ParOldGen       total 619008K, used 618709K [0x00000000c0000000, 0x00000000e5c80000, 0x00000000eab00000)
  object space 619008K, 99% used [0x00000000c0000000,0x00000000e5c355c8,0x00000000e5c80000)
 Metaspace       used 75378K, committed 77056K, reserved 1179648K
  class space    used 7625K, committed 8384K, reserved 1048576K
}
Event: 75.090 GC heap after
{Heap after GC invocations=2330 (full 4):
 PSYoungGen      total 12288K, used 640K [0x00000000eab00000, 0x00000000eb800000, 0x0000000100000000)
  eden space 11264K, 0% used [0x00000000eab00000,0x00000000eab00000,0x00000000eb600000)
  from space 1024K, 62% used [0x00000000eb600000,0x00000000eb6a0268,0x00000000eb700000)
  to   space 1024K, 0% used [0x00000000eb700000,0x00000000eb700000,0x00000000eb800000)
 ParOldGen       total 619008K, used 618973K [0x00000000c0000000, 0x00000000e5c80000, 0x00000000eab00000)
  object space 619008K, 99% used [0x00000000c0000000,0x00000000e5c775c8,0x00000000e5c80000)
 Metaspace       used 75378K, committed 77056K, reserved 1179648K
  class space    used 7625K, committed 8384K, reserved 1048576K
}
Event: 75.100 GC heap before
{Heap before GC invocations=2331 (full 4):
 PSYoungGen      total 12288K, used 11904K [0x00000000eab00000, 0x00000000eb800000, 0x0000000100000000)
  eden space 11264K, 100% used [0x00000000eab00000,0x00000000eb600000,0x00000000eb600000)
  from space 1024K, 62% used [0x00000000eb600000,0x00000000eb6a0268,0x00000000eb700000)
  to   space 1024K, 0% used [0x00000000eb700000,0x00000000eb700000,0x00000000eb800000)
 ParOldGen       total 619008K, used 618973K [0x00000000c0000000, 0x00000000e5c80000, 0x00000000eab00000)
  object space 619008K, 99% used [0x00000000c0000000,0x00000000e5c775c8,0x00000000e5c80000)
 Metaspace       used 75378K, committed 77056K, reserved 1179648K
  class space    used 7625K, committed 8384K, reserved 1048576K
}
Event: 75.104 GC heap after
{Heap after GC invocations=2331 (full 4):
 PSYoungGen      total 10752K, used 1012K [0x00000000eab00000, 0x00000000ebd80000, 0x0000000100000000)
  eden space 9728K, 0% used [0x00000000eab00000,0x00000000eab00000,0x00000000eb480000)
  from space 1024K, 98% used [0x00000000eb700000,0x00000000eb7fd358,0x00000000eb800000)
  to   space 2560K, 0% used [0x00000000eb480000,0x00000000eb480000,0x00000000eb700000)
 ParOldGen       total 620032K, used 620012K [0x00000000c0000000, 0x00000000e5d80000, 0x00000000eab00000)
  object space 620032K, 99% used [0x00000000c0000000,0x00000000e5d7b340,0x00000000e5d80000)
 Metaspace       used 75378K, committed 77056K, reserved 1179648K
  class space    used 7625K, committed 8384K, reserved 1048576K
}
Event: 75.125 GC heap before
{Heap before GC invocations=2332 (full 4):
 PSYoungGen      total 10752K, used 10740K [0x00000000eab00000, 0x00000000ebd80000, 0x0000000100000000)
  eden space 9728K, 100% used [0x00000000eab00000,0x00000000eb480000,0x00000000eb480000)
  from space 1024K, 98% used [0x00000000eb700000,0x00000000eb7fd358,0x00000000eb800000)
  to   space 2560K, 0% used [0x00000000eb480000,0x00000000eb480000,0x00000000eb700000)
 ParOldGen       total 620032K, used 620012K [0x00000000c0000000, 0x00000000e5d80000, 0x00000000eab00000)
  object space 620032K, 99% used [0x00000000c0000000,0x00000000e5d7b340,0x00000000e5d80000)
 Metaspace       used 75389K, committed 77056K, reserved 1179648K
  class space    used 7626K, committed 8384K, reserved 1048576K
}
Event: 75.129 GC heap after
{Heap after GC invocations=2332 (full 4):
 PSYoungGen      total 11264K, used 1503K [0x00000000eab00000, 0x00000000eb880000, 0x0000000100000000)
  eden space 9728K, 0% used [0x00000000eab00000,0x00000000eab00000,0x00000000eb480000)
  from space 1536K, 97% used [0x00000000eb480000,0x00000000eb5f7fa0,0x00000000eb600000)
  to   space 2048K, 0% used [0x00000000eb680000,0x00000000eb680000,0x00000000eb880000)
 ParOldGen       total 620544K, used 620167K [0x00000000c0000000, 0x00000000e5e00000, 0x00000000eab00000)
  object space 620544K, 99% used [0x00000000c0000000,0x00000000e5da1c50,0x00000000e5e00000)
 Metaspace       used 75389K, committed 77056K, reserved 1179648K
  class space    used 7626K, committed 8384K, reserved 1048576K
}
Event: 75.160 GC heap before
{Heap before GC invocations=2333 (full 4):
 PSYoungGen      total 11264K, used 11231K [0x00000000eab00000, 0x00000000eb880000, 0x0000000100000000)
  eden space 9728K, 100% used [0x00000000eab00000,0x00000000eb480000,0x00000000eb480000)
  from space 1536K, 97% used [0x00000000eb480000,0x00000000eb5f7fa0,0x00000000eb600000)
  to   space 2048K, 0% used [0x00000000eb680000,0x00000000eb680000,0x00000000eb880000)
 ParOldGen       total 620544K, used 620167K [0x00000000c0000000, 0x00000000e5e00000, 0x00000000eab00000)
  object space 620544K, 99% used [0x00000000c0000000,0x00000000e5da1c50,0x00000000e5e00000)
 Metaspace       used 75457K, committed 77184K, reserved 1179648K
  class space    used 7636K, committed 8448K, reserved 1048576K
}
Event: 75.164 GC heap after
{Heap after GC invocations=2333 (full 4):
 PSYoungGen      total 10240K, used 352K [0x00000000eab00000, 0x00000000eb700000, 0x0000000100000000)
  eden space 9728K, 0% used [0x00000000eab00000,0x00000000eab00000,0x00000000eb480000)
  from space 512K, 68% used [0x00000000eb680000,0x00000000eb6d8000,0x00000000eb700000)
  to   space 1024K, 0% used [0x00000000eb500000,0x00000000eb500000,0x00000000eb600000)
 ParOldGen       total 621568K, used 621462K [0x00000000c0000000, 0x00000000e5f00000, 0x00000000eab00000)
  object space 621568K, 99% used [0x00000000c0000000,0x00000000e5ee5aa8,0x00000000e5f00000)
 Metaspace       used 75457K, committed 77184K, reserved 1179648K
  class space    used 7636K, committed 8448K, reserved 1048576K
}
Event: 75.205 GC heap before
{Heap before GC invocations=2334 (full 4):
 PSYoungGen      total 10240K, used 10080K [0x00000000eab00000, 0x00000000eb700000, 0x0000000100000000)
  eden space 9728K, 100% used [0x00000000eab00000,0x00000000eb480000,0x00000000eb480000)
  from space 512K, 68% used [0x00000000eb680000,0x00000000eb6d8000,0x00000000eb700000)
  to   space 1024K, 0% used [0x00000000eb500000,0x00000000eb500000,0x00000000eb600000)
 ParOldGen       total 621568K, used 621462K [0x00000000c0000000, 0x00000000e5f00000, 0x00000000eab00000)
  object space 621568K, 99% used [0x00000000c0000000,0x00000000e5ee5aa8,0x00000000e5f00000)
 Metaspace       used 75496K, committed 77184K, reserved 1179648K
  class space    used 7640K, committed 8448K, reserved 1048576K
}
Event: 75.212 GC heap after
{Heap after GC invocations=2334 (full 4):
 PSYoungGen      total 10752K, used 992K [0x00000000eab00000, 0x00000000ebc80000, 0x0000000100000000)
  eden space 9728K, 0% used [0x00000000eab00000,0x00000000eab00000,0x00000000eb480000)
  from space 1024K, 96% used [0x00000000eb500000,0x00000000eb5f8020,0x00000000eb600000)
  to   space 4096K, 0% used [0x00000000eb880000,0x00000000eb880000,0x00000000ebc80000)
 ParOldGen       total 624128K, used 623710K [0x00000000c0000000, 0x00000000e6180000, 0x00000000eab00000)
  object space 624128K, 99% used [0x00000000c0000000,0x00000000e6117ab8,0x00000000e6180000)
 Metaspace       used 75496K, committed 77184K, reserved 1179648K
  class space    used 7640K, committed 8448K, reserved 1048576K
}
Event: 75.275 GC heap before
{Heap before GC invocations=2335 (full 4):
 PSYoungGen      total 10752K, used 10720K [0x00000000eab00000, 0x00000000ebc80000, 0x0000000100000000)
  eden space 9728K, 100% used [0x00000000eab00000,0x00000000eb480000,0x00000000eb480000)
  from space 1024K, 96% used [0x00000000eb500000,0x00000000eb5f8020,0x00000000eb600000)
  to   space 4096K, 0% used [0x00000000eb880000,0x00000000eb880000,0x00000000ebc80000)
 ParOldGen       total 624128K, used 623710K [0x00000000c0000000, 0x00000000e6180000, 0x00000000eab00000)
  object space 624128K, 99% used [0x00000000c0000000,0x00000000e6117ab8,0x00000000e6180000)
 Metaspace       used 75606K, committed 77312K, reserved 1179648K
  class space    used 7668K, committed 8448K, reserved 1048576K
}
Event: 75.282 GC heap after
{Heap after GC invocations=2335 (full 4):
 PSYoungGen      total 12288K, used 2161K [0x00000000eab00000, 0x00000000ebb00000, 0x0000000100000000)
  eden space 9728K, 0% used [0x00000000eab00000,0x00000000eab00000,0x00000000eb480000)
  from space 2560K, 84% used [0x00000000eb880000,0x00000000eba9c720,0x00000000ebb00000)
  to   space 2560K, 0% used [0x00000000eb600000,0x00000000eb600000,0x00000000eb880000)
 ParOldGen       total 625152K, used 624718K [0x00000000c0000000, 0x00000000e6280000, 0x00000000eab00000)
  object space 625152K, 99% used [0x00000000c0000000,0x00000000e6213ad8,0x00000000e6280000)
 Metaspace       used 75606K, committed 77312K, reserved 1179648K
  class space    used 7668K, committed 8448K, reserved 1048576K
}
Event: 75.359 GC heap before
{Heap before GC invocations=2336 (full 4):
 PSYoungGen      total 12288K, used 11889K [0x00000000eab00000, 0x00000000ebb00000, 0x0000000100000000)
  eden space 9728K, 100% used [0x00000000eab00000,0x00000000eb480000,0x00000000eb480000)
  from space 2560K, 84% used [0x00000000eb880000,0x00000000eba9c720,0x00000000ebb00000)
  to   space 2560K, 0% used [0x00000000eb600000,0x00000000eb600000,0x00000000eb880000)
 ParOldGen       total 625152K, used 624718K [0x00000000c0000000, 0x00000000e6280000, 0x00000000eab00000)
  object space 625152K, 99% used [0x00000000c0000000,0x00000000e6213ad8,0x00000000e6280000)
 Metaspace       used 75716K, committed 77376K, reserved 1179648K
  class space    used 7673K, committed 8448K, reserved 1048576K
}
Event: 75.364 GC heap after
{Heap after GC invocations=2336 (full 4):
 PSYoungGen      total 10752K, used 544K [0x00000000eab00000, 0x00000000eb900000, 0x0000000100000000)
  eden space 9728K, 0% used [0x00000000eab00000,0x00000000eab00000,0x00000000eb480000)
  from space 1024K, 53% used [0x00000000eb600000,0x00000000eb688000,0x00000000eb700000)
  to   space 1536K, 0% used [0x00000000eb780000,0x00000000eb780000,0x00000000eb900000)
 ParOldGen       total 626688K, used 626622K [0x00000000c0000000, 0x00000000e6400000, 0x00000000eab00000)
  object space 626688K, 99% used [0x00000000c0000000,0x00000000e63efad8,0x00000000e6400000)
 Metaspace       used 75716K, committed 77376K, reserved 1179648K
  class space    used 7673K, committed 8448K, reserved 1048576K
}
Event: 75.410 GC heap before
{Heap before GC invocations=2337 (full 4):
 PSYoungGen      total 10752K, used 10272K [0x00000000eab00000, 0x00000000eb900000, 0x0000000100000000)
  eden space 9728K, 100% used [0x00000000eab00000,0x00000000eb480000,0x00000000eb480000)
  from space 1024K, 53% used [0x00000000eb600000,0x00000000eb688000,0x00000000eb700000)
  to   space 1536K, 0% used [0x00000000eb780000,0x00000000eb780000,0x00000000eb900000)
 ParOldGen       total 626688K, used 626622K [0x00000000c0000000, 0x00000000e6400000, 0x00000000eab00000)
  object space 626688K, 99% used [0x00000000c0000000,0x00000000e63efad8,0x00000000e6400000)
 Metaspace       used 75725K, committed 77376K, reserved 1179648K
  class space    used 7673K, committed 8448K, reserved 1048576K
}
Event: 75.413 GC heap after
{Heap after GC invocations=2337 (full 4):
 PSYoungGen      total 10752K, used 544K [0x00000000eab00000, 0x00000000eb880000, 0x0000000100000000)
  eden space 9728K, 0% used [0x00000000eab00000,0x00000000eab00000,0x00000000eb480000)
  from space 1024K, 53% used [0x00000000eb780000,0x00000000eb808010,0x00000000eb880000)
  to   space 1024K, 0% used [0x00000000eb600000,0x00000000eb600000,0x00000000eb700000)
 ParOldGen       total 627200K, used 627059K [0x00000000c0000000, 0x00000000e6480000, 0x00000000eab00000)
  object space 627200K, 99% used [0x00000000c0000000,0x00000000e645cd58,0x00000000e6480000)
 Metaspace       used 75725K, committed 77376K, reserved 1179648K
  class space    used 7673K, committed 8448K, reserved 1048576K
}
Event: 75.473 GC heap before
{Heap before GC invocations=2338 (full 4):
 PSYoungGen      total 10752K, used 10272K [0x00000000eab00000, 0x00000000eb880000, 0x0000000100000000)
  eden space 9728K, 100% used [0x00000000eab00000,0x00000000eb480000,0x00000000eb480000)
  from space 1024K, 53% used [0x00000000eb780000,0x00000000eb808010,0x00000000eb880000)
  to   space 1024K, 0% used [0x00000000eb600000,0x00000000eb600000,0x00000000eb700000)
 ParOldGen       total 627200K, used 627059K [0x00000000c0000000, 0x00000000e6480000, 0x00000000eab00000)
  object space 627200K, 99% used [0x00000000c0000000,0x00000000e645cd58,0x00000000e6480000)
 Metaspace       used 75742K, committed 77376K, reserved 1179648K
  class space    used 7675K, committed 8448K, reserved 1048576K
}
Event: 75.476 GC heap after
{Heap after GC invocations=2338 (full 4):
 PSYoungGen      total 10752K, used 1017K [0x00000000eab00000, 0x00000000eb880000, 0x0000000100000000)
  eden space 9728K, 0% used [0x00000000eab00000,0x00000000eab00000,0x00000000eb480000)
  from space 1024K, 99% used [0x00000000eb600000,0x00000000eb6fe410,0x00000000eb700000)
  to   space 1536K, 0% used [0x00000000eb700000,0x00000000eb700000,0x00000000eb880000)
 ParOldGen       total 627712K, used 627499K [0x00000000c0000000, 0x00000000e6500000, 0x00000000eab00000)
  object space 627712K, 99% used [0x00000000c0000000,0x00000000e64cada8,0x00000000e6500000)
 Metaspace       used 75742K, committed 77376K, reserved 1179648K
  class space    used 7675K, committed 8448K, reserved 1048576K
}
Event: 75.524 GC heap before
{Heap before GC invocations=2339 (full 4):
 PSYoungGen      total 10752K, used 10745K [0x00000000eab00000, 0x00000000eb880000, 0x0000000100000000)
  eden space 9728K, 100% used [0x00000000eab00000,0x00000000eb480000,0x00000000eb480000)
  from space 1024K, 99% used [0x00000000eb600000,0x00000000eb6fe410,0x00000000eb700000)
  to   space 1536K, 0% used [0x00000000eb700000,0x00000000eb700000,0x00000000eb880000)
 ParOldGen       total 627712K, used 627499K [0x00000000c0000000, 0x00000000e6500000, 0x00000000eab00000)
  object space 627712K, 99% used [0x00000000c0000000,0x00000000e64cada8,0x00000000e6500000)
 Metaspace       used 75750K, committed 77440K, reserved 1179648K
  class space    used 7675K, committed 8448K, reserved 1048576K
}
Event: 75.528 GC heap after
{Heap after GC invocations=2339 (full 4):
 PSYoungGen      total 10752K, used 864K [0x00000000eab00000, 0x00000000eb800000, 0x0000000100000000)
  eden space 9728K, 0% used [0x00000000eab00000,0x00000000eab00000,0x00000000eb480000)
  from space 1024K, 84% used [0x00000000eb700000,0x00000000eb7d8020,0x00000000eb800000)
  to   space 1536K, 0% used [0x00000000eb500000,0x00000000eb500000,0x00000000eb680000)
 ParOldGen       total 628736K, used 628476K [0x00000000c0000000, 0x00000000e6600000, 0x00000000eab00000)
  object space 628736K, 99% used [0x00000000c0000000,0x00000000e65bf380,0x00000000e6600000)
 Metaspace       used 75750K, committed 77440K, reserved 1179648K
  class space    used 7675K, committed 8448K, reserved 1048576K
}

